This file contains any messages produced by compilers while
running configure, to aid debugging if configure makes a mistake.

It was created by org.objectweb.proactive.mpi.control.config configure 1.0, which was
generated by GNU Autoconf 2.59.  Invocation command line was

  $ ./configure 

## --------- ##
## Platform. ##
## --------- ##

hostname = predadab
uname -m = i686
uname -r = 2.4.22-1.2115.nptl
uname -s = Linux
uname -v = #1 Wed Oct 29 15:42:51 EST 2003

/usr/bin/uname -p = unknown
/bin/uname -X     = unknown

/bin/arch              = i686
/usr/bin/arch -k       = unknown
/usr/convex/getsysinfo = unknown
hostinfo               = unknown
/bin/machine           = unknown
/usr/bin/oslevel       = unknown
/bin/universe          = unknown

PATH: /user/emathias/home/misc/java/jdk1.5.0_10/bin
PATH: /user/emathias/home/misc/mpich/bin
PATH: /user/emathias/home/misc/java/jdk1.5.0_10/bin
PATH: /user/emathias/home/misc/mpich/bin
PATH: /user/emathias/home/misc/java/jdk1.5.0_10/bin
PATH: /user/emathias/home/misc/mpich/bin
PATH: /auto/sea/u/sea/0/user/emathias/j2sdk1.4.2_08/bin
PATH: /user/emathias/home/misc/java/jdk1.5.0_10/bin
PATH: /user/emathias/home/misc/mpich/bin
PATH: /usr/local/bin
PATH: /usr/bin
PATH: /bin
PATH: /usr/X11R6/bin
PATH: /usr/games
PATH: /usr/lib/jre/bin
PATH: /user/emathias/home/bin
PATH: /usr/local/bin


## ----------- ##
## Core tests. ##
## ----------- ##

configure:1331: checking for a BSD-compatible install
configure:1386: result: /usr/bin/install -c
configure:1397: checking whether build environment is sane
configure:1440: result: yes
configure:1505: checking for gawk
configure:1521: found /usr/bin/gawk
configure:1531: result: gawk
configure:1541: checking whether make sets $(MAKE)
configure:1561: result: yes
configure:1785: checking for gcc
configure:1801: found /usr/bin/gcc
configure:1811: result: gcc
configure:2055: checking for C compiler version
configure:2058: gcc --version </dev/null >&5
gcc (GCC) 3.3.2 20031022 (Red Hat Linux 3.3.2-1)
Copyright (C) 2003 Free Software Foundation, Inc.
This is free software; see the source for copying conditions.  There is NO
warranty; not even for MERCHANTABILITY or FITNESS FOR A PARTICULAR PURPOSE.

configure:2061: $? = 0
configure:2063: gcc -v </dev/null >&5
Reading specs from /usr/lib/gcc-lib/i386-redhat-linux/3.3.2/specs
Configured with: ../configure --prefix=/usr --mandir=/usr/share/man --infodir=/usr/share/info --enable-shared --enable-threads=posix --disable-checking --with-system-zlib --enable-__cxa_atexit --host=i386-redhat-linux
Thread model: posix
gcc version 3.3.2 20031022 (Red Hat Linux 3.3.2-1)
configure:2066: $? = 0
configure:2068: gcc -V </dev/null >&5
gcc: `-V' option must have argument
configure:2071: $? = 1
configure:2094: checking for C compiler default output file name
configure:2097: gcc    conftest.c  >&5
configure:2100: $? = 0
configure:2146: result: a.out
configure:2151: checking whether the C compiler works
configure:2157: ./a.out
configure:2160: $? = 0
configure:2177: result: yes
configure:2184: checking whether we are cross compiling
configure:2186: result: no
configure:2189: checking for suffix of executables
configure:2191: gcc -o conftest    conftest.c  >&5
configure:2194: $? = 0
configure:2219: result: 
configure:2225: checking for suffix of object files
configure:2246: gcc -c   conftest.c >&5
configure:2249: $? = 0
configure:2271: result: o
configure:2275: checking whether we are using the GNU C compiler
configure:2299: gcc -c   conftest.c >&5
configure:2305: $? = 0
configure:2309: test -z 
			 || test ! -s conftest.err
configure:2312: $? = 0
configure:2315: test -s conftest.o
configure:2318: $? = 0
configure:2331: result: yes
configure:2337: checking whether gcc accepts -g
configure:2358: gcc -c -g  conftest.c >&5
configure:2364: $? = 0
configure:2368: test -z 
			 || test ! -s conftest.err
configure:2371: $? = 0
configure:2374: test -s conftest.o
configure:2377: $? = 0
configure:2388: result: yes
configure:2405: checking for gcc option to accept ANSI C
configure:2475: gcc  -c -g -O2  conftest.c >&5
configure:2481: $? = 0
configure:2485: test -z 
			 || test ! -s conftest.err
configure:2488: $? = 0
configure:2491: test -s conftest.o
configure:2494: $? = 0
configure:2512: result: none needed
configure:2530: gcc -c -g -O2  conftest.c >&5
conftest.c:2: error: syntax error before "me"
configure:2536: $? = 1
configure: failed program was:
| #ifndef __cplusplus
|   choke me
| #endif
configure:2680: checking for style of include used by make
configure:2708: result: GNU
configure:2736: checking dependency style of gcc
configure:2826: result: none
configure:2894: checking for g77
configure:2910: found /usr/bin/g77
configure:2920: result: g77
configure:2935: checking for Fortran 77 compiler version
configure:2938: g77 --version </dev/null >&5
GNU Fortran (GCC) 3.3.2 20031022 (Red Hat Linux 3.3.2-1)
Copyright (C) 2002 Free Software Foundation, Inc.

GNU Fortran comes with NO WARRANTY, to the extent permitted by law.
You may redistribute copies of GNU Fortran
under the terms of the GNU General Public License.
For more information about these matters, see the file named COPYING
or type the command `info -f g77 Copying'.
configure:2941: $? = 0
configure:2943: g77 -v </dev/null >&5
Reading specs from /usr/lib/gcc-lib/i386-redhat-linux/3.3.2/specs
Configured with: ../configure --prefix=/usr --mandir=/usr/share/man --infodir=/usr/share/info --enable-shared --enable-threads=posix --disable-checking --with-system-zlib --enable-__cxa_atexit --host=i386-redhat-linux
Thread model: posix
gcc version 3.3.2 20031022 (Red Hat Linux 3.3.2-1)
configure:2946: $? = 0
configure:2948: g77 -V </dev/null >&5
g77: `-V' option must have argument
configure:2951: $? = 1
configure:2959: checking whether we are using the GNU Fortran 77 compiler
configure:2973: g77 -c  conftest.F >&5
configure:2979: $? = 0
configure:2983: test -z 
			 || test ! -s conftest.err
configure:2986: $? = 0
configure:2989: test -s conftest.o
configure:2992: $? = 0
configure:3005: result: yes
configure:3011: checking whether g77 accepts -g
configure:3023: g77 -c -g conftest.f >&5
configure:3029: $? = 0
configure:3033: test -z 
			 || test ! -s conftest.err
configure:3036: $? = 0
configure:3039: test -s conftest.o
configure:3042: $? = 0
configure:3054: result: yes
configure:3090: checking for mpicc
configure:3106: found /user/emathias/home/misc/mpich/bin/mpicc
configure:3116: result: mpicc
configure:3136: checking for mpif77
configure:3152: found /user/emathias/home/misc/mpich/bin/mpif77
configure:3162: result: mpif77
configure:3179: checking for MPI_Init
configure:3236: mpicc -o conftest -g -O2   conftest.c  >&5
/usr/bin/ld: cannot find -lmpich
collect2: ld returned 1 exit status
configure:3242: $? = 1
configure: failed program was:
| /* confdefs.h.  */
| 
| #define PACKAGE_NAME "org.objectweb.proactive.mpi.control.config"
| #define PACKAGE_TARNAME "org-objectweb-proactive-mpi-control-config"
| #define PACKAGE_VERSION "1.0"
| #define PACKAGE_STRING "org.objectweb.proactive.mpi.control.config 1.0"
| #define PACKAGE_BUGREPORT "stephane.mariani@sophia.inria.fr"
| #define PACKAGE "org-objectweb-proactive-mpi-control-config"
| #define VERSION "1.0"
| /* end confdefs.h.  */
| /* Define MPI_Init to an innocuous variant, in case <limits.h> declares MPI_Init.
|    For example, HP-UX 11i <limits.h> declares gettimeofday.  */
| #define MPI_Init innocuous_MPI_Init
| 
| /* System header to define __stub macros and hopefully few prototypes,
|     which can conflict with char MPI_Init (); below.
|     Prefer <limits.h> to <assert.h> if __STDC__ is defined, since
|     <limits.h> exists even on freestanding compilers.  */
| 
| #ifdef __STDC__
| # include <limits.h>
| #else
| # include <assert.h>
| #endif
| 
| #undef MPI_Init
| 
| /* Override any gcc2 internal prototype to avoid an error.  */
| #ifdef __cplusplus
| extern "C"
| {
| #endif
| /* We use char because int might match the return type of a gcc2
|    builtin and then its argument prototype would still apply.  */
| char MPI_Init ();
| /* The GNU C library defines this for functions which it implements
|     to always fail with ENOSYS.  Some functions are actually named
|     something starting with __ and the normal name is an alias.  */
| #if defined (__stub_MPI_Init) || defined (__stub___MPI_Init)
| choke me
| #else
| char (*f) () = MPI_Init;
| #endif
| #ifdef __cplusplus
| }
| #endif
| 
| int
| main ()
| {
| return f != MPI_Init;
|   ;
|   return 0;
| }
configure:3267: result: no
configure:3275: checking for MPI_Init in -lmpi
configure:3305: mpicc -o conftest -g -O2   conftest.c -lmpi   >&5
/usr/bin/ld: cannot find -lmpich
collect2: ld returned 1 exit status
configure:3311: $? = 1
configure: failed program was:
| /* confdefs.h.  */
| 
| #define PACKAGE_NAME "org.objectweb.proactive.mpi.control.config"
| #define PACKAGE_TARNAME "org-objectweb-proactive-mpi-control-config"
| #define PACKAGE_VERSION "1.0"
| #define PACKAGE_STRING "org.objectweb.proactive.mpi.control.config 1.0"
| #define PACKAGE_BUGREPORT "stephane.mariani@sophia.inria.fr"
| #define PACKAGE "org-objectweb-proactive-mpi-control-config"
| #define VERSION "1.0"
| /* end confdefs.h.  */
| 
| /* Override any gcc2 internal prototype to avoid an error.  */
| #ifdef __cplusplus
| extern "C"
| #endif
| /* We use char because int might match the return type of a gcc2
|    builtin and then its argument prototype would still apply.  */
| char MPI_Init ();
| int
| main ()
| {
| MPI_Init ();
|   ;
|   return 0;
| }
configure:3337: result: no
configure:3345: checking for MPI_Init in -lmpich
configure:3375: mpicc -o conftest -g -O2   conftest.c -lmpich   >&5
/usr/bin/ld: cannot find -lmpich
collect2: ld returned 1 exit status
configure:3381: $? = 1
configure: failed program was:
| /* confdefs.h.  */
| 
| #define PACKAGE_NAME "org.objectweb.proactive.mpi.control.config"
| #define PACKAGE_TARNAME "org-objectweb-proactive-mpi-control-config"
| #define PACKAGE_VERSION "1.0"
| #define PACKAGE_STRING "org.objectweb.proactive.mpi.control.config 1.0"
| #define PACKAGE_BUGREPORT "stephane.mariani@sophia.inria.fr"
| #define PACKAGE "org-objectweb-proactive-mpi-control-config"
| #define VERSION "1.0"
| /* end confdefs.h.  */
| 
| /* Override any gcc2 internal prototype to avoid an error.  */
| #ifdef __cplusplus
| extern "C"
| #endif
| /* We use char because int might match the return type of a gcc2
|    builtin and then its argument prototype would still apply.  */
| char MPI_Init ();
| int
| main ()
| {
| MPI_Init ();
|   ;
|   return 0;
| }
configure:3407: result: no
configure:3601: creating ./config.status

## ---------------------- ##
## Running config.status. ##
## ---------------------- ##

This file was extended by org.objectweb.proactive.mpi.control.config config.status 1.0, which was
generated by GNU Autoconf 2.59.  Invocation command line was

  CONFIG_FILES    = 
  CONFIG_HEADERS  = 
  CONFIG_LINKS    = 
  CONFIG_COMMANDS = 
  $ ./config.status 

on predadab

config.status:694: creating Makefile
config.status:694: creating src/Makefile
config.status:798: creating config.h
config.status:1064: executing depfiles commands

## ---------------- ##
## Cache variables. ##
## ---------------- ##

ac_cv_c_compiler_gnu=yes
ac_cv_env_CC_set=
ac_cv_env_CC_value=
ac_cv_env_CFLAGS_set=
ac_cv_env_CFLAGS_value=
ac_cv_env_CPPFLAGS_set=
ac_cv_env_CPPFLAGS_value=
ac_cv_env_F77_set=
ac_cv_env_F77_value=
ac_cv_env_FFLAGS_set=
ac_cv_env_FFLAGS_value=
ac_cv_env_LDFLAGS_set=
ac_cv_env_LDFLAGS_value=
ac_cv_env_MPICC_set=
ac_cv_env_MPICC_value=
ac_cv_env_MPIF77_set=
ac_cv_env_MPIF77_value=
ac_cv_env_build_alias_set=
ac_cv_env_build_alias_value=
ac_cv_env_host_alias_set=
ac_cv_env_host_alias_value=
ac_cv_env_target_alias_set=
ac_cv_env_target_alias_value=
ac_cv_exeext=
ac_cv_f77_compiler_gnu=yes
ac_cv_func_MPI_Init=no
ac_cv_lib_mpi_MPI_Init=no
ac_cv_lib_mpich_MPI_Init=no
ac_cv_objext=o
ac_cv_path_install='/usr/bin/install -c'
ac_cv_prog_AWK=gawk
ac_cv_prog_MPICC=mpicc
ac_cv_prog_MPIF77=mpif77
ac_cv_prog_ac_ct_CC=gcc
ac_cv_prog_ac_ct_F77=g77
ac_cv_prog_cc_g=yes
ac_cv_prog_cc_stdc=
ac_cv_prog_f77_g=yes
ac_cv_prog_make_make_set=yes
am_cv_CC_dependencies_compiler_type=none

## ----------------- ##
## Output variables. ##
## ----------------- ##

ACLOCAL='${SHELL} /auto/sea/u/sea/0/user/emathias/ProActive/src/Core/org/objectweb/proactive/compi/control/config/missing --run aclocal-1.9'
AMDEPBACKSLASH='\'
AMDEP_FALSE='#'
AMDEP_TRUE=''
AMTAR='${SHELL} /auto/sea/u/sea/0/user/emathias/ProActive/src/Core/org/objectweb/proactive/compi/control/config/missing --run tar'
AUTOCONF='${SHELL} /auto/sea/u/sea/0/user/emathias/ProActive/src/Core/org/objectweb/proactive/compi/control/config/missing --run autoconf'
AUTOHEADER='${SHELL} /auto/sea/u/sea/0/user/emathias/ProActive/src/Core/org/objectweb/proactive/compi/control/config/missing --run autoheader'
AUTOMAKE='${SHELL} /auto/sea/u/sea/0/user/emathias/ProActive/src/Core/org/objectweb/proactive/compi/control/config/missing --run automake-1.9'
AWK='gawk'
CC='mpicc'
CCDEPMODE='depmode=none'
CFLAGS='-g -O2'
CPPFLAGS=''
CYGPATH_W='echo'
DEFS='-DHAVE_CONFIG_H'
DEPDIR='.deps'
ECHO_C=''
ECHO_N='-n'
ECHO_T=''
EXEEXT=''
F77='mpif77'
FFLAGS='-g -O2'
INSTALL_DATA='${INSTALL} -m 644'
INSTALL_PROGRAM='${INSTALL}'
INSTALL_SCRIPT='${INSTALL}'
INSTALL_STRIP_PROGRAM='${SHELL} $(install_sh) -c -s'
LDFLAGS=''
LIBOBJS=''
LIBS=' '
LTLIBOBJS=''
MAKEINFO='${SHELL} /auto/sea/u/sea/0/user/emathias/ProActive/src/Core/org/objectweb/proactive/compi/control/config/missing --run makeinfo'
MPICC='mpicc'
MPIF77='mpif77'
MPILIBS=''
OBJEXT='o'
PACKAGE='org-objectweb-proactive-mpi-control-config'
PACKAGE_BUGREPORT='stephane.mariani@sophia.inria.fr'
PACKAGE_NAME='org.objectweb.proactive.mpi.control.config'
PACKAGE_STRING='org.objectweb.proactive.mpi.control.config 1.0'
PACKAGE_TARNAME='org-objectweb-proactive-mpi-control-config'
PACKAGE_VERSION='1.0'
PATH_SEPARATOR=':'
SET_MAKE=''
SHELL='/bin/sh'
STRIP=''
VERSION='1.0'
ac_ct_CC='gcc'
ac_ct_F77='g77'
ac_ct_STRIP=''
am__fastdepCC_FALSE=''
am__fastdepCC_TRUE='#'
am__include='include'
am__leading_dot='.'
am__quote=''
am__tar='${AMTAR} chof - "$$tardir"'
am__untar='${AMTAR} xf -'
bindir='${exec_prefix}/bin'
build_alias=''
datadir='${prefix}/share'
exec_prefix='${prefix}'
host_alias=''
includedir='${prefix}/include'
infodir='${prefix}/info'
install_sh='/auto/sea/u/sea/0/user/emathias/ProActive/src/Core/org/objectweb/proactive/compi/control/config/install-sh'
libdir='${exec_prefix}/lib'
libexecdir='${exec_prefix}/libexec'
localstatedir='${prefix}/var'
mandir='${prefix}/man'
mkdir_p='mkdir -p --'
oldincludedir='/usr/include'
prefix='/usr/local'
program_transform_name='s,x,x,'
sbindir='${exec_prefix}/sbin'
sharedstatedir='${prefix}/com'
sysconfdir='${prefix}/etc'
target_alias=''

## ----------- ##
## confdefs.h. ##
## ----------- ##

#define PACKAGE "org-objectweb-proactive-mpi-control-config"
#define PACKAGE_BUGREPORT "stephane.mariani@sophia.inria.fr"
#define PACKAGE_NAME "org.objectweb.proactive.mpi.control.config"
#define PACKAGE_STRING "org.objectweb.proactive.mpi.control.config 1.0"
#define PACKAGE_TARNAME "org-objectweb-proactive-mpi-control-config"
#define PACKAGE_VERSION "1.0"
#define VERSION "1.0"

configure: exit 0
